<?xml version="1.0" encoding="UTF-8"?>
<!-- Generated by org.testng.reporters.JUnitXMLReporter -->
<testsuite ignored="0" hostname="IN3051139W1" failures="0" tests="2" name="1.) web Test : T2004282_01 on CreateNewCustomerTest" time="58.762" errors="0" timestamp="25 Jun 2021 17:06:31 GMT">
  <testcase classname="com.test.Tests.CreateNewCustomerTest" name="TC01_LogIntoTheApplication" time="10.819"/>
  <testcase classname="com.test.Tests.CreateNewCustomerTest" name="TC02_AddNewCustomer" time="39.722"/>
</testsuite> <!-- 1.) web Test : T2004282_01 on CreateNewCustomerTest -->
