<?xml version="1.0" encoding="UTF-8"?>
<!-- Generated by org.testng.reporters.JUnitXMLReporter -->
<testsuite ignored="0" hostname="IN3051139W1" failures="0" tests="2" name="4.) web Test : T2004282_04 on CreateNewCustomerTest" time="57.446" errors="0" timestamp="25 Jun 2021 17:09:18 GMT">
  <testcase classname="com.test.Tests.CreateNewCustomerTest" name="TC01_LogIntoTheApplication" time="9.681"/>
  <testcase classname="com.test.Tests.CreateNewCustomerTest" name="TC02_AddNewCustomer" time="40.981"/>
</testsuite> <!-- 4.) web Test : T2004282_04 on CreateNewCustomerTest -->
