<?xml version="1.0" encoding="UTF-8"?>
<!-- Generated by org.testng.reporters.JUnitXMLReporter -->
<testsuite ignored="0" hostname="IN3051139W1" failures="1" tests="1" name="Test" time="7.747" errors="0" timestamp="31 Jul 2021 13:44:54 GMT">
  <testcase classname="com.test.Tests1.Test2" name="test2" time="0.233">
    <failure type="java.lang.AssertionError" message="expected [true] but found [false]">
      <![CDATA[java.lang.AssertionError: expected [true] but found [false]
	at com.test.Tests1.Test2.test2(Test2.java:32)
... Removed 29 stack frames]]>
    </failure>
  </testcase> <!-- test2 -->
</testsuite> <!-- Test -->
