<?xml version="1.0" encoding="UTF-8"?>
<testsuite name="TestSuite" time="11.919" tests="1" errors="0" skipped="0" failures="1">
  <properties>
[...]
</properties>
  <testcase name="TC01_LogIntoTheApplication" classname="com.test.Tests1.DummyDryRunTest1" time="11.919">
    <failure message="unexpected alert open: {Alert text : User or Password is not valid}&#10;  (Session info: chrome=97.0.4692.99): User or Password is not valid&#10;Build info: version: &apos;3.141.59&apos;, revision: &apos;e82be7d358&apos;, time: &apos;2018-11-14T08:17:03&apos;&#10;System info: host: &apos;IN3051139W1&apos;, ip: &apos;192.168.1.3&apos;, os.name: &apos;Windows 10&apos;, os.arch: &apos;amd64&apos;, os.version: &apos;10.0&apos;, java.version: &apos;11.0.11&apos;&#10;Driver info: org.openqa.selenium.chrome.ChromeDriver&#10;Capabilities {acceptInsecureCerts: false, browserName: chrome, browserVersion: 97.0.4692.99, chrome: {chromedriverVersion: 97.0.4692.71 (adefa7837d02a..., userDataDir: C:\Users\EX889DG\AppData\Lo...}, goog:chromeOptions: {debuggerAddress: localhost:53750}, javascriptEnabled: true, networkConnectionEnabled: false, pageLoadStrategy: normal, platform: WINDOWS, platformName: WINDOWS, proxy: Proxy(), setWindowRect: true, strictFileInteractability: false, timeouts: {implicit: 0, pageLoad: 300000, script: 30000}, unhandledPromptBehavior: dismiss and notify, webauthn:extension:credBlob: true, webauthn:extension:largeBlob: true, webauthn:virtualAuthenticators: true}&#10;Session ID: 2924ae0254cce25b020e6338bad3fcbc" type="org.openqa.selenium.UnhandledAlertException">org.openqa.selenium.UnhandledAlertException: unexpected alert open: {Alert text : User or Password is not valid}
  (Session info: chrome=97.0.4692.99): User or Password is not valid
Build info: version: '3.141.59', revision: 'e82be7d358', time: '2018-11-14T08:17:03'
System info: host: 'IN3051139W1', ip: '192.168.1.3', os.name: 'Windows 10', os.arch: 'amd64', os.version: '10.0', java.version: '11.0.11'
Driver info: org.openqa.selenium.chrome.ChromeDriver
Capabilities {acceptInsecureCerts: false, browserName: chrome, browserVersion: 97.0.4692.99, chrome: {chromedriverVersion: 97.0.4692.71 (adefa7837d02a..., userDataDir: C:\Users\EX889DG\AppData\Lo...}, goog:chromeOptions: {debuggerAddress: localhost:53750}, javascriptEnabled: true, networkConnectionEnabled: false, pageLoadStrategy: normal, platform: WINDOWS, platformName: WINDOWS, proxy: Proxy(), setWindowRect: true, strictFileInteractability: false, timeouts: {implicit: 0, pageLoad: 300000, script: 30000}, unhandledPromptBehavior: dismiss and notify, webauthn:extension:credBlob: true, webauthn:extension:largeBlob: true, webauthn:virtualAuthenticators: true}
Session ID: 2924ae0254cce25b020e6338bad3fcbc
	at org.openqa.selenium.remote.http.W3CHttpResponseCodec.decode(W3CHttpResponseCodec.java:120)
	at org.openqa.selenium.remote.http.W3CHttpResponseCodec.decode(W3CHttpResponseCodec.java:49)
	at org.openqa.selenium.remote.HttpCommandExecutor.execute(HttpCommandExecutor.java:158)
	at org.openqa.selenium.remote.service.DriverCommandExecutor.execute(DriverCommandExecutor.java:83)
	at org.openqa.selenium.remote.RemoteWebDriver.execute(RemoteWebDriver.java:552)
	at org.openqa.selenium.remote.RemoteWebDriver.execute(RemoteWebDriver.java:609)
	at org.openqa.selenium.remote.RemoteWebDriver$RemoteNavigation.refresh(RemoteWebDriver.java:865)
	at com.automation.PageLibrary.pageRefresh(PageLibrary.java:699)
	at com.test.Keywords.loginPageFunction.loginToBankWeb(loginPageFunction.java:66)
	at com.test.Tests1.DummyDryRunTest1.TC01_LogIntoTheApplication(DummyDryRunTest1.java:36)
</failure>
    <system-out><![CDATA[Directory already exists: C:\Applications\Code\automation\DEMOWEBUITEST\DemoProject\TestReport
ExtentReport Path for WINDOWS: C:\Applications\Code\automation\DEMOWEBUITEST\DemoProject\TestReport

Extent Reports Version 3 Test Suite started!
Extent Reports Version 3 Test Suite started!
reading property browser file :C:\Applications\Code\automation\DEMOWEBUITEST\DemoProject\Config.properties value:chrome
reading property env file :C:\Applications\Code\automation\DEMOWEBUITEST\DemoProject\Config.properties value:local
Test Browser is :chrome
reading property globalVariableSheetPath file :./Config.properties value:\NUCLEUS\NUCLEUS_CART\Stores\Files\GLOBLE_VARIABLES.xlsx
reading property globalVariableSheetPath file :./Config.properties value:\NUCLEUS\NUCLEUS_CART\Stores\Files\GLOBLE_VARIABLES.xlsx
C:\Applications\Code\automation\DEMOWEBUITEST
__________________________________________________________________________
TC01_LogIntoTheApplication started!
TC01_LogIntoTheApplication started!
reading property URL file :./Config.properties value:http://demo.guru99.com/V4
reading property username file :./Config.properties value:mngr333735
reading property password file :./Config.properties value:tAsAtYq
inside Browser details

The application url is :- http://demo.guru99.com/V4
âœ” Clicked Element [[ChromeDriver: chrome on WINDOWS (2924ae0254cce25b020e6338bad3fcbc)] -> name: btnLogin] Successfully!
TC01_LogIntoTheApplication failed!
!!----------Capturing screenshot------------!!
TC01_LogIntoTheApplication failed!
!!----------Capturing screenshot------------!!
]]></system-out>
    <system-err><![CDATA[SLF4J: Failed to load class "org.slf4j.impl.StaticLoggerBinder".
SLF4J: Defaulting to no-operation (NOP) logger implementation
SLF4J: See http://www.slf4j.org/codes.html#StaticLoggerBinder for further details.
Starting ChromeDriver 97.0.4692.71 (adefa7837d02a07a604c1e6eff0b3a09422ab88d-refs/branch-heads/4692@{#1247}) on port 12727
Only local connections are allowed.
Please see https://chromedriver.chromium.org/security-considerations for suggestions on keeping ChromeDriver safe.
ChromeDriver was started successfully.
Feb 06, 2022 2:45:35 PM org.openqa.selenium.remote.ProtocolHandshake createSession
INFO: Detected dialect: W3C
]]></system-err>
  </testcase>
</testsuite>